<?xml version="1.0" encoding="UTF-8"?>
<testng-results skipped="0" failed="0" ignored="0" total="1" passed="1">
  <reporter-output>
  </reporter-output>
  <suite name="Default suite" duration-ms="12740" started-at="2020-07-21T20:02:18 NPT" finished-at="2020-07-21T20:02:30 NPT">
    <groups>
    </groups>
    <test name="Default test" duration-ms="12740" started-at="2020-07-21T20:02:18 NPT" finished-at="2020-07-21T20:02:30 NPT">
      <class name="seleniumPractice.HighLightElement">
        <test-method status="PASS" signature="setUp()[pri:0, instance:seleniumPractice.HighLightElement@26aa12dd]" name="setUp" is-config="true" duration-ms="3454" started-at="2020-07-21T20:02:18 NPT" finished-at="2020-07-21T20:02:21 NPT">
          <reporter-output>
          </reporter-output>
        </test-method> <!-- setUp -->
        <test-method status="PASS" signature="highlightElementTest()[pri:0, instance:seleniumPractice.HighLightElement@26aa12dd]" name="highlightElementTest" duration-ms="9265" started-at="2020-07-21T20:02:21 NPT" finished-at="2020-07-21T20:02:30 NPT">
          <reporter-output>
          </reporter-output>
        </test-method> <!-- highlightElementTest -->
        <test-method status="PASS" signature="tearDown()[pri:0, instance:seleniumPractice.HighLightElement@26aa12dd]" name="tearDown" is-config="true" duration-ms="1" started-at="2020-07-21T20:02:30 NPT" finished-at="2020-07-21T20:02:30 NPT">
          <reporter-output>
          </reporter-output>
        </test-method> <!-- tearDown -->
      </class> <!-- seleniumPractice.HighLightElement -->
    </test> <!-- Default test -->
  </suite> <!-- Default suite -->
</testng-results>
